\BOOKMARK [1][-]{section.1}{CMM201 - Programming Concepts for Business Analytics}{}% 1
\BOOKMARK [2][-]{subsection.1.1}{Aim of the Module}{section.1}% 2
\BOOKMARK [2][-]{subsection.1.2}{Learning Outcomes}{section.1}% 3
\BOOKMARK [2][-]{subsection.1.3}{Module Evaluation}{section.1}% 4
\BOOKMARK [2][-]{subsection.1.4}{Industry Partnership/Engagement}{section.1}% 5
\BOOKMARK [1][-]{section.2}{Bibliography}{}% 6
\BOOKMARK [2][-]{subsection.2.1}{Books}{section.2}% 7
\BOOKMARK [2][-]{subsection.2.2}{Podcasts}{section.2}% 8
\BOOKMARK [2][-]{subsection.2.3}{Websites}{section.2}% 9
\BOOKMARK [2][-]{subsection.2.4}{Online Courses}{section.2}% 10
\BOOKMARK [2][-]{subsection.2.5}{Events in the City}{section.2}% 11
\BOOKMARK [1][-]{section.3}{Why do you Need Python?}{}% 12
\BOOKMARK [2][-]{subsection.3.1}{Improves Work for Everyone}{section.3}% 13
\BOOKMARK [2][-]{subsection.3.2}{Is Replacing Excel}{section.3}% 14
\BOOKMARK [2][-]{subsection.3.3}{Descriptive Analytics and Dashboards}{section.3}% 15
\BOOKMARK [2][-]{subsection.3.4}{Machine Learning}{section.3}% 16
\BOOKMARK [2][-]{subsection.3.5}{Predictive/Prescriptive Analytics}{section.3}% 17
\BOOKMARK [1][-]{section.4}{Fundamentals of Programming}{}% 18
\BOOKMARK [2][-]{subsection.4.1}{Types of Programming Languages}{section.4}% 19
\BOOKMARK [2][-]{subsection.4.2}{Advantages of High-level Programming Languages}{section.4}% 20
\BOOKMARK [2][-]{subsection.4.3}{Compiled vs Interpreted Programming Languages}{section.4}% 21
\BOOKMARK [3][-]{subsubsection.4.3.1}{Compiled}{subsection.4.3}% 22
\BOOKMARK [3][-]{subsubsection.4.3.2}{Interpreted}{subsection.4.3}% 23
\BOOKMARK [2][-]{subsection.4.4}{Static vs Dynamic Programming Languages}{section.4}% 24
\BOOKMARK [1][-]{section.5}{Python}{}% 25
\BOOKMARK [2][-]{subsection.5.1}{What is Python?}{section.5}% 26
\BOOKMARK [2][-]{subsection.5.2}{Some statistics}{section.5}% 27
\BOOKMARK [3][-]{subsubsection.5.2.1}{Popularity}{subsection.5.2}% 28
\BOOKMARK [3][-]{subsubsection.5.2.2}{Employabilty}{subsection.5.2}% 29
\BOOKMARK [1][-]{section.6}{Installing Python}{}% 30
\BOOKMARK [2][-]{subsection.6.1}{The long and hard way}{section.6}% 31
\BOOKMARK [2][-]{subsection.6.2}{The fast way: Anaconda Navigator}{section.6}% 32
\BOOKMARK [1][-]{section.7}{How Does Python Look Like?}{}% 33
\BOOKMARK [1][-]{section.8}{What else can I do in Python?}{}% 34
